# JRE version: OpenJDK Runtime Environment (8.0_202-b03) (build 1.8.0_202-release-1483-b03)
# Java VM: OpenJDK 64-Bit Server VM (25.202-b03 mixed mode windows-amd64 compressed oops)
Heap:
 PSYoungGen      total 135168K, used 3744K [0x00000000e0000000, 0x00000000e9400000, 0x0000000100000000)
  eden space 121856K, 0% used [0x00000000e0000000,0x00000000e0000000,0x00000000e7700000)
  from space 13312K, 28% used [0x00000000e8400000,0x00000000e87a8000,0x00000000e9100000)
  to   space 13312K, 0% used [0x00000000e7700000,0x00000000e7700000,0x00000000e8400000)
 ParOldGen       total 70656K, used 42728K [0x00000000a0000000, 0x00000000a4500000, 0x00000000e0000000)
  object space 70656K, 60% used [0x00000000a0000000,0x00000000a29ba2f0,0x00000000a4500000)
 Metaspace       used 56725K, capacity 59010K, committed 59028K, reserved 1099776K
  class space    used 7786K, capacity 8445K, committed 8448K, reserved 1048576K
GC Heap History (10 events):
Event: 36.037 GC heap after
Heap after GC invocations=14 (full 2):
 PSYoungGen      total 77312K, used 10214K [0x00000000e0000000, 0x00000000e5b80000, 0x0000000100000000)
  eden space 67072K, 0% used [0x00000000e0000000,0x00000000e0000000,0x00000000e4180000)
  from space 10240K, 99% used [0x00000000e4c80000,0x00000000e5679990,0x00000000e5680000)
  to   space 11264K, 0% used [0x00000000e4180000,0x00000000e4180000,0x00000000e4c80000)
 ParOldGen       total 70656K, used 16443K [0x00000000a0000000, 0x00000000a4500000, 0x00000000e0000000)
  object space 70656K, 23% used [0x00000000a0000000,0x00000000a100ef10,0x00000000a4500000)
 Metaspace       used 41755K, capacity 42624K, committed 42840K, reserved 1085440K
  class space    used 5674K, capacity 5995K, committed 6016K, reserved 1048576K
}
Event: 38.118 GC heap before
{Heap before GC invocations=15 (full 2):
 PSYoungGen      total 77312K, used 77286K [0x00000000e0000000, 0x00000000e5b80000, 0x0000000100000000)
  eden space 67072K, 100% used [0x00000000e0000000,0x00000000e4180000,0x00000000e4180000)
  from space 10240K, 99% used [0x00000000e4c80000,0x00000000e5679990,0x00000000e5680000)
  to   space 11264K, 0% used [0x00000000e4180000,0x00000000e4180000,0x00000000e4c80000)
 ParOldGen       total 70656K, used 16443K [0x00000000a0000000, 0x00000000a4500000, 0x00000000e0000000)
  object space 70656K, 23% used [0x00000000a0000000,0x00000000a100ef10,0x00000000a4500000)
 Metaspace       used 47876K, capacity 48922K, committed 49112K, reserved 1091584K
  class space    used 6499K, capacity 6858K, committed 6912K, reserved 1048576K
Event: 38.146 GC heap after
Heap after GC invocations=15 (full 2):
 PSYoungGen      total 78336K, used 6971K [0x00000000e0000000, 0x00000000e6e80000, 0x0000000100000000)
  eden space 67072K, 0% used [0x00000000e0000000,0x00000000e0000000,0x00000000e4180000)
  from space 11264K, 61% used [0x00000000e4180000,0x00000000e484efc8,0x00000000e4c80000)
  to   space 11264K, 0% used [0x00000000e6380000,0x00000000e6380000,0x00000000e6e80000)
 ParOldGen       total 70656K, used 25674K [0x00000000a0000000, 0x00000000a4500000, 0x00000000e0000000)
  object space 70656K, 36% used [0x00000000a0000000,0x00000000a1912878,0x00000000a4500000)
 Metaspace       used 47876K, capacity 48922K, committed 49112K, reserved 1091584K
  class space    used 6499K, capacity 6858K, committed 6912K, reserved 1048576K
}
Event: 41.920 GC heap before
{Heap before GC invocations=16 (full 2):
 PSYoungGen      total 78336K, used 74043K [0x00000000e0000000, 0x00000000e6e80000, 0x0000000100000000)
  eden space 67072K, 100% used [0x00000000e0000000,0x00000000e4180000,0x00000000e4180000)
  from space 11264K, 61% used [0x00000000e4180000,0x00000000e484efc8,0x00000000e4c80000)
  to   space 11264K, 0% used [0x00000000e6380000,0x00000000e6380000,0x00000000e6e80000)
 ParOldGen       total 70656K, used 25674K [0x00000000a0000000, 0x00000000a4500000, 0x00000000e0000000)
  object space 70656K, 36% used [0x00000000a0000000,0x00000000a1912878,0x00000000a4500000)
 Metaspace       used 53208K, capacity 54762K, committed 54872K, reserved 1095680K
  class space    used 7297K, capacity 7746K, committed 7808K, reserved 1048576K
Event: 41.944 GC heap after
Heap after GC invocations=16 (full 2):
 PSYoungGen      total 99840K, used 6976K [0x00000000e0000000, 0x00000000e6d00000, 0x0000000100000000)
  eden space 90112K, 0% used [0x00000000e0000000,0x00000000e0000000,0x00000000e5800000)
  from space 9728K, 71% used [0x00000000e6380000,0x00000000e6a50318,0x00000000e6d00000)
  to   space 10752K, 0% used [0x00000000e5800000,0x00000000e5800000,0x00000000e6280000)
 ParOldGen       total 70656K, used 29309K [0x00000000a0000000, 0x00000000a4500000, 0x00000000e0000000)
  object space 70656K, 41% used [0x00000000a0000000,0x00000000a1c9f568,0x00000000a4500000)
 Metaspace       used 53208K, capacity 54762K, committed 54872K, reserved 1095680K
  class space    used 7297K, capacity 7746K, committed 7808K, reserved 1048576K
}
Event: 46.249 GC heap before
{Heap before GC invocations=17 (full 2):
 PSYoungGen      total 99840K, used 97088K [0x00000000e0000000, 0x00000000e6d00000, 0x0000000100000000)
  eden space 90112K, 100% used [0x00000000e0000000,0x00000000e5800000,0x00000000e5800000)
  from space 9728K, 71% used [0x00000000e6380000,0x00000000e6a50318,0x00000000e6d00000)
  to   space 10752K, 0% used [0x00000000e5800000,0x00000000e5800000,0x00000000e6280000)
 ParOldGen       total 70656K, used 29309K [0x00000000a0000000, 0x00000000a4500000, 0x00000000e0000000)
  object space 70656K, 41% used [0x00000000a0000000,0x00000000a1c9f568,0x00000000a4500000)
 Metaspace       used 56163K, capacity 58304K, committed 58584K, reserved 1099776K
  class space    used 7738K, capacity 8352K, committed 8448K, reserved 1048576K
Event: 46.303 GC heap after
Heap after GC invocations=17 (full 2):
 PSYoungGen      total 100864K, used 10738K [0x00000000e0000000, 0x00000000e9100000, 0x0000000100000000)
  eden space 90112K, 0% used [0x00000000e0000000,0x00000000e0000000,0x00000000e5800000)
  from space 10752K, 99% used [0x00000000e5800000,0x00000000e627cb28,0x00000000e6280000)
  to   space 13312K, 0% used [0x00000000e8400000,0x00000000e8400000,0x00000000e9100000)
 ParOldGen       total 70656K, used 33132K [0x00000000a0000000, 0x00000000a4500000, 0x00000000e0000000)
  object space 70656K, 46% used [0x00000000a0000000,0x00000000a205b220,0x00000000a4500000)
 Metaspace       used 56163K, capacity 58304K, committed 58584K, reserved 1099776K
  class space    used 7738K, capacity 8352K, committed 8448K, reserved 1048576K
}
Event: 47.781 GC heap before
{Heap before GC invocations=18 (full 2):
 PSYoungGen      total 100864K, used 29338K [0x00000000e0000000, 0x00000000e9100000, 0x0000000100000000)
  eden space 90112K, 20% used [0x00000000e0000000,0x00000000e122a050,0x00000000e5800000)
  from space 10752K, 99% used [0x00000000e5800000,0x00000000e627cb28,0x00000000e6280000)
  to   space 13312K, 0% used [0x00000000e8400000,0x00000000e8400000,0x00000000e9100000)
 ParOldGen       total 70656K, used 33132K [0x00000000a0000000, 0x00000000a4500000, 0x00000000e0000000)
  object space 70656K, 46% used [0x00000000a0000000,0x00000000a205b220,0x00000000a4500000)
 Metaspace       used 56725K, capacity 59010K, committed 59028K, reserved 1099776K
  class space    used 7786K, capacity 8445K, committed 8448K, reserved 1048576K
Event: 47.812 GC heap after
Heap after GC invocations=18 (full 2):
 PSYoungGen      total 135168K, used 3744K [0x00000000e0000000, 0x00000000e9400000, 0x0000000100000000)
  eden space 121856K, 0% used [0x00000000e0000000,0x00000000e0000000,0x00000000e7700000)
  from space 13312K, 28% used [0x00000000e8400000,0x00000000e87a8000,0x00000000e9100000)
  to   space 13312K, 0% used [0x00000000e7700000,0x00000000e7700000,0x00000000e8400000)
 ParOldGen       total 70656K, used 42728K [0x00000000a0000000, 0x00000000a4500000, 0x00000000e0000000)
  object space 70656K, 60% used [0x00000000a0000000,0x00000000a29ba2f0,0x00000000a4500000)
 Metaspace       used 56725K, capacity 59010K, committed 59028K, reserved 1099776K
  class space    used 7786K, capacity 8445K, committed 8448K, reserved 1048576K
}
Event: 47.812 GC heap before
{Heap before GC invocations=19 (full 3):
 PSYoungGen      total 135168K, used 3744K [0x00000000e0000000, 0x00000000e9400000, 0x0000000100000000)
  eden space 121856K, 0% used [0x00000000e0000000,0x00000000e0000000,0x00000000e7700000)
  from space 13312K, 28% used [0x00000000e8400000,0x00000000e87a8000,0x00000000e9100000)
  to   space 13312K, 0% used [0x00000000e7700000,0x00000000e7700000,0x00000000e8400000)
 ParOldGen       total 70656K, used 42728K [0x00000000a0000000, 0x00000000a4500000, 0x00000000e0000000)
  object space 70656K, 60% used [0x00000000a0000000,0x00000000a29ba2f0,0x00000000a4500000)
 Metaspace       used 56725K, capacity 59010K, committed 59028K, reserved 1099776K
  class space    used 7786K, capacity 8445K, committed 8448K, reserved 1048576K

